Mplus VERSION 8.6 (Mac)
MUTHEN & MUTHEN
10/22/2021  11:07 AM

INPUT INSTRUCTIONS

  TITLE:
  EFA
  DATA:
  FILE = "/Users/agarber/github/Quant-Fish-END/03-efa/efa_mplus/m2_efa_els.dat";

  VARIABLE:
  NAMES = stu_tch sc_spirt tch_good tch_intr tch_prai stu_dwn not_safe disr_lrn gangs
       rac_fght sch_rule pun_same strict pun_rule female stu_race eng_natv;
   MISSING=.;
   usevar =
    stu_tch sc_spirt tch_good tch_intr
    tch_prai stu_dwn not_safe disr_lrn
    gangs rac_fght sch_rule pun_same strict pun_rule;
  ANALYSIS:
  type = efa 1 5;
    estimator = MLR;
    rotation = varimax;  !!! orthogonal (no factor correlations) !!!

  OUTPUT:
  sampstat;
  PLOT:
  type = plot3;



*** WARNING
  Data set contains cases with missing on all variables.
  These cases were not included in the analysis.
  Number of cases with missing on all variables:  74
   1 WARNING(S) FOUND IN THE INPUT INSTRUCTIONS




EFA

SUMMARY OF ANALYSIS

Number of groups                                                 1
Number of observations                                         720

Number of dependent variables                                   14
Number of independent variables                                  0
Number of continuous latent variables                            0

Observed dependent variables

  Continuous
   STU_TCH     SC_SPIRT    TCH_GOOD    TCH_INTR    TCH_PRAI    STU_DWN
   NOT_SAFE    DISR_LRN    GANGS       RAC_FGHT    SCH_RULE    PUN_SAME
   STRICT      PUN_RULE


Estimator                                                      MLR
Rotation                                                   VARIMAX
Row standardization                                    CORRELATION
Type of rotation                                        ORTHOGONAL
Information matrix                                        OBSERVED
Maximum number of iterations                                  1000
Convergence criterion                                    0.500D-04
Maximum number of steepest descent iterations                   20
Maximum number of iterations for H1                           2000
Convergence criterion for H1                             0.100D-03
Optimization Specifications for the Exploratory Factor Analysis
Rotation Algorithm
  Number of random starts                                        0
  Maximum number of iterations                               10000
  Derivative convergence criterion                       0.100D-04

Input data file(s)
  /Users/agarber/github/Quant-Fish-END/03-efa/efa_mplus/m2_efa_els.dat

Input data format  FREE


SUMMARY OF DATA

     Number of missing data patterns            29


COVARIANCE COVERAGE OF DATA

Minimum covariance coverage value   0.100


     PROPORTION OF DATA PRESENT


           Covariance Coverage
              STU_TCH       SC_SPIRT      TCH_GOOD      TCH_INTR      TCH_PRAI
              ________      ________      ________      ________      ________
 STU_TCH        0.997
 SC_SPIRT       0.993         0.996
 TCH_GOOD       0.982         0.981         0.985
 TCH_INTR       0.983         0.982         0.972         0.986
 TCH_PRAI       0.985         0.983         0.976         0.975         0.988
 STU_DWN        0.983         0.982         0.971         0.974         0.975
 NOT_SAFE       0.985         0.985         0.974         0.975         0.978
 DISR_LRN       0.989         0.986         0.975         0.976         0.981
 GANGS          0.976         0.976         0.965         0.968         0.968
 RAC_FGHT       0.992         0.990         0.981         0.982         0.986
 SCH_RULE       0.993         0.993         0.981         0.982         0.983
 PUN_SAME       0.990         0.989         0.979         0.981         0.982
 STRICT         0.989         0.988         0.976         0.979         0.979
 PUN_RULE       0.990         0.989         0.978         0.979         0.981


           Covariance Coverage
              STU_DWN       NOT_SAFE      DISR_LRN      GANGS         RAC_FGHT
              ________      ________      ________      ________      ________
 STU_DWN        0.985
 NOT_SAFE       0.978         0.988
 DISR_LRN       0.979         0.981         0.990
 GANGS          0.969         0.971         0.972         0.979
 RAC_FGHT       0.983         0.986         0.989         0.976         0.994
 SCH_RULE       0.982         0.985         0.986         0.976         0.990
 PUN_SAME       0.981         0.982         0.983         0.972         0.989
 STRICT         0.978         0.979         0.983         0.971         0.986
 PUN_RULE       0.979         0.981         0.985         0.974         0.988


           Covariance Coverage
              SCH_RULE      PUN_SAME      STRICT        PUN_RULE
              ________      ________      ________      ________
 SCH_RULE       0.996
 PUN_SAME       0.990         0.993
 STRICT         0.989         0.988         0.992
 PUN_RULE       0.992         0.988         0.989         0.993


SAMPLE STATISTICS


     ESTIMATED SAMPLE STATISTICS


           Means
              STU_TCH       SC_SPIRT      TCH_GOOD      TCH_INTR      TCH_PRAI
              ________      ________      ________      ________      ________
                2.820         2.821         2.942         2.861         2.747


           Means
              STU_DWN       NOT_SAFE      DISR_LRN      GANGS         RAC_FGHT
              ________      ________      ________      ________      ________
                3.084         3.277         2.561         2.996         3.044


           Means
              SCH_RULE      PUN_SAME      STRICT        PUN_RULE
              ________      ________      ________      ________
                2.992         2.629         2.742         2.771


           Covariances
              STU_TCH       SC_SPIRT      TCH_GOOD      TCH_INTR      TCH_PRAI
              ________      ________      ________      ________      ________
 STU_TCH        0.345
 SC_SPIRT       0.104         0.588
 TCH_GOOD       0.143         0.144         0.421
 TCH_INTR       0.154         0.178         0.261         0.498
 TCH_PRAI       0.099         0.158         0.216         0.261         0.575
 STU_DWN        0.023         0.060         0.040         0.055         0.063
 NOT_SAFE       0.101         0.104         0.123         0.117         0.107
 DISR_LRN       0.040         0.064         0.051         0.060         0.062
 GANGS          0.095         0.088         0.099         0.111         0.073
 RAC_FGHT       0.073         0.068         0.047         0.086         0.034
 SCH_RULE       0.069         0.092         0.098         0.115         0.100
 PUN_SAME       0.088         0.189         0.174         0.203         0.205
 STRICT         0.051         0.104         0.107         0.132         0.122
 PUN_RULE       0.025         0.082         0.094         0.113         0.134


           Covariances
              STU_DWN       NOT_SAFE      DISR_LRN      GANGS         RAC_FGHT
              ________      ________      ________      ________      ________
 STU_DWN        0.484
 NOT_SAFE       0.140         0.512
 DISR_LRN       0.151         0.188         0.740
 GANGS          0.045         0.208         0.162         0.757
 RAC_FGHT       0.087         0.195         0.140         0.329         0.689
 SCH_RULE       0.028         0.067         0.055         0.095         0.064
 PUN_SAME       0.097         0.107         0.088         0.058         0.078
 STRICT         0.035         0.062         0.021         0.046         0.038
 PUN_RULE       0.052         0.033         0.042         0.030        -0.001


           Covariances
              SCH_RULE      PUN_SAME      STRICT        PUN_RULE
              ________      ________      ________      ________
 SCH_RULE       0.413
 PUN_SAME       0.180         0.840
 STRICT         0.105         0.190         0.494
 PUN_RULE       0.176         0.244         0.162         0.490


           Correlations
              STU_TCH       SC_SPIRT      TCH_GOOD      TCH_INTR      TCH_PRAI
              ________      ________      ________      ________      ________
 STU_TCH        1.000
 SC_SPIRT       0.231         1.000
 TCH_GOOD       0.375         0.290         1.000
 TCH_INTR       0.370         0.329         0.571         1.000
 TCH_PRAI       0.222         0.272         0.439         0.488         1.000
 STU_DWN        0.056         0.112         0.089         0.112         0.119
 NOT_SAFE       0.240         0.189         0.264         0.231         0.197
 DISR_LRN       0.079         0.097         0.091         0.098         0.095
 GANGS          0.186         0.132         0.175         0.180         0.111
 RAC_FGHT       0.149         0.107         0.087         0.147         0.055
 SCH_RULE       0.184         0.187         0.236         0.253         0.204
 PUN_SAME       0.163         0.269         0.293         0.315         0.295
 STRICT         0.123         0.192         0.235         0.267         0.230
 PUN_RULE       0.062         0.153         0.208         0.230         0.253


           Correlations
              STU_DWN       NOT_SAFE      DISR_LRN      GANGS         RAC_FGHT
              ________      ________      ________      ________      ________
 STU_DWN        1.000
 NOT_SAFE       0.282         1.000
 DISR_LRN       0.253         0.306         1.000
 GANGS          0.074         0.335         0.216         1.000
 RAC_FGHT       0.150         0.328         0.195         0.455         1.000
 SCH_RULE       0.064         0.146         0.100         0.170         0.119
 PUN_SAME       0.153         0.162         0.112         0.072         0.103
 STRICT         0.071         0.124         0.036         0.075         0.066
 PUN_RULE       0.106         0.067         0.070         0.050        -0.001


           Correlations
              SCH_RULE      PUN_SAME      STRICT        PUN_RULE
              ________      ________      ________      ________
 SCH_RULE       1.000
 PUN_SAME       0.306         1.000
 STRICT         0.233         0.295         1.000
 PUN_RULE       0.391         0.380         0.330         1.000


     MAXIMUM LOG-LIKELIHOOD VALUE FOR THE UNRESTRICTED (H1) MODEL IS -10161.539


UNIVARIATE SAMPLE STATISTICS


     UNIVARIATE HIGHER-ORDER MOMENT DESCRIPTIVE STATISTICS

         Variable/         Mean/     Skewness/   Minimum/ % with                Percentiles
        Sample Size      Variance    Kurtosis    Maximum  Min/Max      20%/60%    40%/80%    Median

     STU_TCH               2.820      -0.970       1.000    3.48%       2.000      3.000      3.000
             718.000       0.345       1.919       4.000    6.41%       3.000      3.000
     SC_SPIRT              2.820      -0.350       1.000    5.02%       2.000      3.000      3.000
             717.000       0.588      -0.127       4.000   17.02%       3.000      3.000
     TCH_GOOD              2.939      -0.694       1.000    3.39%       3.000      3.000      3.000
             709.000       0.418       1.424       4.000   14.67%       3.000      3.000
     TCH_INTR              2.866      -0.435       1.000    3.66%       2.000      3.000      3.000
             710.000       0.496       0.325       4.000   15.35%       3.000      3.000
     TCH_PRAI              2.748      -0.225       1.000    4.92%       2.000      3.000      3.000
             711.000       0.574      -0.244       4.000   14.35%       3.000      3.000
     STU_DWN               3.085      -0.593       1.000    2.68%       3.000      3.000      3.000
             709.000       0.484       0.672       4.000   26.09%       3.000      4.000
     NOT_SAFE              3.277      -0.901       1.000    2.67%       3.000      3.000      3.000
             711.000       0.513       0.938       4.000   40.65%       4.000      4.000
     DISR_LRN              2.561      -0.150       1.000   11.92%       2.000      2.000      3.000
             713.000       0.740      -0.620       4.000   12.76%       3.000      3.000
     GANGS                 2.999      -0.602       1.000    6.67%       2.000      3.000      3.000
             705.000       0.759      -0.297       4.000   31.21%       3.000      4.000
     RAC_FGHT              3.043      -0.623       1.000    5.17%       2.000      3.000      3.000
             716.000       0.689      -0.128       4.000   31.56%       3.000      4.000
     SCH_RULE              2.992      -0.340       1.000    1.53%       3.000      3.000      3.000
             717.000       0.413       0.485       4.000   18.69%       3.000      3.000
     PUN_SAME              2.631      -0.220       1.000   13.01%       2.000      2.000      3.000
             715.000       0.840      -0.758       4.000   17.34%       3.000      3.000
     STRICT                2.742      -0.344       1.000    4.34%       2.000      3.000      3.000
             714.000       0.494       0.105       4.000   10.78%       3.000      3.000
     PUN_RULE              2.771      -0.360       1.000    4.06%       2.000      3.000      3.000
             715.000       0.490       0.159       4.000   11.61%       3.000      3.000


SUMMARY OF MODEL FIT INFORMATION


                                  Degrees of
     Model           Chi-Square    Freedom     P-Value

     1-factor           598.558        77       0.0000
     2-factor           297.570        64       0.0000
     3-factor           108.757        52       0.0000
     4-factor            37.711        41       0.6176
     5-factor            22.732        31       0.8587

                                               Degrees of
     Models Compared              Chi-Square    Freedom     P-Value

     1-factor against 2-factor       300.988        13       0.0000
     2-factor against 3-factor       188.813        12       0.0000
     3-factor against 4-factor        71.046        11       0.0000
     4-factor against 5-factor        14.980        10       0.1328



RESULTS FOR EXPLORATORY FACTOR ANALYSIS


           EIGENVALUES FOR SAMPLE CORRELATION MATRIX
                  1             2             3             4             5
              ________      ________      ________      ________      ________
                3.663         1.711         1.256         1.061         0.805


           EIGENVALUES FOR SAMPLE CORRELATION MATRIX
                  6             7             8             9            10
              ________      ________      ________      ________      ________
                0.785         0.749         0.722         0.648         0.603


           EIGENVALUES FOR SAMPLE CORRELATION MATRIX
                 11            12            13            14
              ________      ________      ________      ________
                0.553         0.534         0.503         0.408


EXPLORATORY FACTOR ANALYSIS WITH 1 FACTOR(S):


MODEL FIT INFORMATION

Chi-Square Test of Model Fit

          Value                            598.558*
          Degrees of Freedom                    77
          P-Value                           0.0000

*   The chi-square value for MLM, MLMV, MLR, ULSMV, WLSM and WLSMV cannot be used
    for chi-square difference testing in the regular way.  MLM, MLR and WLSM
    chi-square difference testing is described on the Mplus website.  MLMV, WLSMV,
    and ULSMV difference testing is done using the DIFFTEST option.

RMSEA (Root Mean Square Error Of Approximation)

          Estimate                           0.097
          90 Percent C.I.                    0.090  0.104
          Probability RMSEA <= .05           0.000

Root Mean Square Residual

          Value                              0.089


           ESTIMATED FACTOR LOADINGS
                  1
              ________
 STU_TCH        0.459
 SC_SPIRT       0.455
 TCH_GOOD       0.681
 TCH_INTR       0.723
 TCH_PRAI       0.594
 STU_DWN        0.225
 NOT_SAFE       0.408
 DISR_LRN       0.221
 GANGS          0.308
 RAC_FGHT       0.250
 SCH_RULE       0.423
 PUN_SAME       0.497
 STRICT         0.399
 PUN_RULE       0.394


           ESTIMATED RESIDUAL VARIANCES
              STU_TCH       SC_SPIRT      TCH_GOOD      TCH_INTR      TCH_PRAI
              ________      ________      ________      ________      ________
                0.789         0.793         0.536         0.478         0.647


           ESTIMATED RESIDUAL VARIANCES
              STU_DWN       NOT_SAFE      DISR_LRN      GANGS         RAC_FGHT
              ________      ________      ________      ________      ________
                0.949         0.833         0.951         0.905         0.938


           ESTIMATED RESIDUAL VARIANCES
              SCH_RULE      PUN_SAME      STRICT        PUN_RULE
              ________      ________      ________      ________
                0.821         0.753         0.841         0.845


EXPLORATORY FACTOR ANALYSIS WITH 2 FACTOR(S):


MODEL FIT INFORMATION

Chi-Square Test of Model Fit

          Value                            297.570*
          Degrees of Freedom                    64
          P-Value                           0.0000

*   The chi-square value for MLM, MLMV, MLR, ULSMV, WLSM and WLSMV cannot be used
    for chi-square difference testing in the regular way.  MLM, MLR and WLSM
    chi-square difference testing is described on the Mplus website.  MLMV, WLSMV,
    and ULSMV difference testing is done using the DIFFTEST option.

RMSEA (Root Mean Square Error Of Approximation)

          Estimate                           0.071
          90 Percent C.I.                    0.063  0.079
          Probability RMSEA <= .05           0.000

Root Mean Square Residual

          Value                              0.055


           VARIMAX ROTATED LOADINGS
                  1             2
              ________      ________
 STU_TCH        0.392         0.242
 SC_SPIRT       0.420         0.167
 TCH_GOOD       0.670         0.170
 TCH_INTR       0.711         0.185
 TCH_PRAI       0.612         0.094
 STU_DWN        0.130         0.260
 NOT_SAFE       0.219         0.557
 DISR_LRN       0.077         0.381
 GANGS          0.086         0.624
 RAC_FGHT       0.012         0.639
 SCH_RULE       0.392         0.154
 PUN_SAME       0.496         0.101
 STRICT         0.413         0.055
 PUN_RULE       0.431        -0.004


           ESTIMATED RESIDUAL VARIANCES
              STU_TCH       SC_SPIRT      TCH_GOOD      TCH_INTR      TCH_PRAI
              ________      ________      ________      ________      ________
                0.788         0.795         0.522         0.460         0.616


           ESTIMATED RESIDUAL VARIANCES
              STU_DWN       NOT_SAFE      DISR_LRN      GANGS         RAC_FGHT
              ________      ________      ________      ________      ________
                0.916         0.642         0.849         0.603         0.591


           ESTIMATED RESIDUAL VARIANCES
              SCH_RULE      PUN_SAME      STRICT        PUN_RULE
              ________      ________      ________      ________
                0.822         0.743         0.827         0.814


EXPLORATORY FACTOR ANALYSIS WITH 3 FACTOR(S):


MODEL FIT INFORMATION

Chi-Square Test of Model Fit

          Value                            108.757*
          Degrees of Freedom                    52
          P-Value                           0.0000

*   The chi-square value for MLM, MLMV, MLR, ULSMV, WLSM and WLSMV cannot be used
    for chi-square difference testing in the regular way.  MLM, MLR and WLSM
    chi-square difference testing is described on the Mplus website.  MLMV, WLSMV,
    and ULSMV difference testing is done using the DIFFTEST option.

RMSEA (Root Mean Square Error Of Approximation)

          Estimate                           0.039
          90 Percent C.I.                    0.029  0.049
          Probability RMSEA <= .05           0.962

Root Mean Square Residual

          Value                              0.031


           VARIMAX ROTATED LOADINGS
                  1             2             3
              ________      ________      ________
 STU_TCH        0.460         0.041         0.202
 SC_SPIRT       0.366         0.202         0.150
 TCH_GOOD       0.703         0.194         0.110
 TCH_INTR       0.734         0.225         0.125
 TCH_PRAI       0.545         0.276         0.059
 STU_DWN        0.069         0.140         0.272
 NOT_SAFE       0.242         0.071         0.547
 DISR_LRN       0.047         0.091         0.393
 GANGS          0.132         0.025         0.606
 RAC_FGHT       0.059        -0.005         0.633
 SCH_RULE       0.171         0.481         0.171
 PUN_SAME       0.267         0.502         0.112
 STRICT         0.219         0.418         0.060
 PUN_RULE       0.081         0.744         0.005


           ESTIMATED RESIDUAL VARIANCES
              STU_TCH       SC_SPIRT      TCH_GOOD      TCH_INTR      TCH_PRAI
              ________      ________      ________      ________      ________
                0.746         0.802         0.456         0.395         0.624


           ESTIMATED RESIDUAL VARIANCES
              STU_DWN       NOT_SAFE      DISR_LRN      GANGS         RAC_FGHT
              ________      ________      ________      ________      ________
                0.902         0.637         0.835         0.614         0.596


           ESTIMATED RESIDUAL VARIANCES
              SCH_RULE      PUN_SAME      STRICT        PUN_RULE
              ________      ________      ________      ________
                0.710         0.664         0.773         0.441


EXPLORATORY FACTOR ANALYSIS WITH 4 FACTOR(S):


MODEL FIT INFORMATION

Chi-Square Test of Model Fit

          Value                             37.711*
          Degrees of Freedom                    41
          P-Value                           0.6176

*   The chi-square value for MLM, MLMV, MLR, ULSMV, WLSM and WLSMV cannot be used
    for chi-square difference testing in the regular way.  MLM, MLR and WLSM
    chi-square difference testing is described on the Mplus website.  MLMV, WLSMV,
    and ULSMV difference testing is done using the DIFFTEST option.

RMSEA (Root Mean Square Error Of Approximation)

          Estimate                           0.000
          90 Percent C.I.                    0.000  0.022
          Probability RMSEA <= .05           1.000

Root Mean Square Residual

          Value                              0.015


           VARIMAX ROTATED LOADINGS
                  1             2             3             4
              ________      ________      ________      ________
 STU_TCH        0.466         0.050         0.184         0.051
 SC_SPIRT       0.371         0.194         0.082         0.130
 TCH_GOOD       0.706         0.192         0.076         0.058
 TCH_INTR       0.737         0.225         0.089         0.057
 TCH_PRAI       0.546         0.262        -0.007         0.110
 STU_DWN        0.062         0.089         0.023         0.558
 NOT_SAFE       0.255         0.046         0.367         0.461
 DISR_LRN       0.051         0.063         0.219         0.428
 GANGS          0.133         0.070         0.719         0.084
 RAC_FGHT       0.075         0.023         0.585         0.208
 SCH_RULE       0.177         0.502         0.162         0.028
 PUN_SAME       0.274         0.487         0.008         0.168
 STRICT         0.224         0.417         0.025         0.048
 PUN_RULE       0.084         0.741        -0.037         0.053


           ESTIMATED RESIDUAL VARIANCES
              STU_TCH       SC_SPIRT      TCH_GOOD      TCH_INTR      TCH_PRAI
              ________      ________      ________      ________      ________
                0.744         0.801         0.456         0.394         0.621


           ESTIMATED RESIDUAL VARIANCES
              STU_DWN       NOT_SAFE      DISR_LRN      GANGS         RAC_FGHT
              ________      ________      ________      ________      ________
                0.676         0.586         0.762         0.453         0.609


           ESTIMATED RESIDUAL VARIANCES
              SCH_RULE      PUN_SAME      STRICT        PUN_RULE
              ________      ________      ________      ________
                0.690         0.659         0.773         0.440


EXPLORATORY FACTOR ANALYSIS WITH 5 FACTOR(S):


MODEL FIT INFORMATION

Chi-Square Test of Model Fit

          Value                             22.732*
          Degrees of Freedom                    31
          P-Value                           0.8587

*   The chi-square value for MLM, MLMV, MLR, ULSMV, WLSM and WLSMV cannot be used
    for chi-square difference testing in the regular way.  MLM, MLR and WLSM
    chi-square difference testing is described on the Mplus website.  MLMV, WLSMV,
    and ULSMV difference testing is done using the DIFFTEST option.

RMSEA (Root Mean Square Error Of Approximation)

          Estimate                           0.000
          90 Percent C.I.                    0.000  0.016
          Probability RMSEA <= .05           1.000

Root Mean Square Residual

          Value                              0.012


           VARIMAX ROTATED LOADINGS
                  1             2             3             4             5
              ________      ________      ________      ________      ________
 STU_TCH        0.413         0.068         0.411         0.150         0.056
 SC_SPIRT       0.354         0.199         0.112         0.072         0.136
 TCH_GOOD       0.682         0.191         0.145         0.086         0.067
 TCH_INTR       0.736         0.216         0.081         0.092         0.072
 TCH_PRAI       0.591         0.238        -0.108         0.016         0.116
 STU_DWN        0.066         0.089        -0.031         0.004         0.530
 NOT_SAFE       0.219         0.053         0.173         0.299         0.513
 DISR_LRN       0.044         0.063         0.011         0.183         0.449
 GANGS          0.115         0.065         0.000         0.848         0.108
 RAC_FGHT       0.056         0.023         0.108         0.493         0.272
 SCH_RULE       0.148         0.525         0.150         0.137         0.041
 PUN_SAME       0.272         0.490         0.040        -0.006         0.171
 STRICT         0.228         0.414         0.009         0.021         0.055
 PUN_RULE       0.110         0.725        -0.089        -0.021         0.045


           ESTIMATED RESIDUAL VARIANCES
              STU_TCH       SC_SPIRT      TCH_GOOD      TCH_INTR      TCH_PRAI
              ________      ________      ________      ________      ________
                0.630         0.798         0.465         0.391         0.568


           ESTIMATED RESIDUAL VARIANCES
              STU_DWN       NOT_SAFE      DISR_LRN      GANGS         RAC_FGHT
              ________      ________      ________      ________      ________
                0.706         0.567         0.759         0.253         0.668


           ESTIMATED RESIDUAL VARIANCES
              SCH_RULE      PUN_SAME      STRICT        PUN_RULE
              ________      ________      ________      ________
                0.660         0.655         0.773         0.452


PLOT INFORMATION

The following plots are available:

  Histograms (sample values)
  Scatterplots (sample values)
  Eigenvalues for exploratory factor analysis

     Beginning Time:  11:07:20
        Ending Time:  11:07:20
       Elapsed Time:  00:00:00



MUTHEN & MUTHEN
3463 Stoner Ave.
Los Angeles, CA  90066

Tel: (310) 391-9971
Fax: (310) 391-8971
Web: www.StatModel.com
Support: Support@StatModel.com

Copyright (c) 1998-2021 Muthen & Muthen
